2024-05-29 10:27:02,919 - CE_Logger - DEBUG - SOLUCION OPTIMA:
2024-05-29 10:27:02,920 - CE_Logger - DEBUG - Mejor posicion de la particula:[82.72486727 43.29886718 29.3334131  39.52976188 39.70646503]
2024-05-29 10:27:02,920 - CE_Logger - DEBUG - Mejor fitness de la particula:-30238.36354468459
2024-05-29 10:27:02,920 - CE_Logger - DEBUG - Numero de Infracciones: 0.0
2024-05-29 10:32:03,081 - CE_Logger - DEBUG - SOLUCION OPTIMA:
2024-05-29 10:32:03,081 - CE_Logger - DEBUG - Mejor posicion de la particula:[ 52.56938753 -20.33271928  49.19259517 -89.89352592  96.28299473
  78.42880701  86.0033436  -16.79477269  52.911203    58.48649744]
2024-05-29 10:32:03,084 - CE_Logger - DEBUG - Mejor fitness de la particula:4655.190397925335
2024-05-29 10:32:03,084 - CE_Logger - DEBUG - Numero de Infracciones: 0.0
2024-05-29 10:32:07,007 - CE_Logger - DEBUG - SOLUCION OPTIMA:
2024-05-29 10:32:07,007 - CE_Logger - DEBUG - Mejor posicion de la particula:[  9.27005125   2.2649157  -93.39360781  58.09991006  70.28608567
  19.75042657 -73.61915907 -71.23842749 -23.31560232 -28.60925797]
2024-05-29 10:32:07,007 - CE_Logger - DEBUG - Mejor fitness de la particula:6358.631200483683
2024-05-29 10:32:07,007 - CE_Logger - DEBUG - Numero de Infracciones: 0.0
2024-05-29 10:32:11,150 - CE_Logger - DEBUG - SOLUCION OPTIMA:
2024-05-29 10:32:11,151 - CE_Logger - DEBUG - Mejor posicion de la particula:[ 83.62019859  17.22531068 -17.7882009   34.17228004  -7.1281876
 -95.01779183 -74.66497276  66.98028654 -19.20615084  80.15234721]
2024-05-29 10:32:11,151 - CE_Logger - DEBUG - Mejor fitness de la particula:7725.659417399736
2024-05-29 10:32:11,151 - CE_Logger - DEBUG - Numero de Infracciones: 0.0
2024-05-29 10:32:15,182 - CE_Logger - DEBUG - SOLUCION OPTIMA:
2024-05-29 10:32:15,182 - CE_Logger - DEBUG - Mejor posicion de la particula:[  4.16967041  -2.13917762  41.13822474  83.19050345 -52.93964476
  85.23683634 -28.27274533  57.54750533  39.21251414  74.01238009]
2024-05-29 10:32:15,182 - CE_Logger - DEBUG - Mejor fitness de la particula:6080.452072077518
2024-05-29 10:32:15,182 - CE_Logger - DEBUG - Numero de Infracciones: 0.0
2024-05-29 10:32:19,098 - CE_Logger - DEBUG - SOLUCION OPTIMA:
2024-05-29 10:32:19,098 - CE_Logger - DEBUG - Mejor posicion de la particula:[-19.29625109  59.87953673  37.81309591 -14.97035935  23.4089297
   3.09048018  94.45845773  42.63220599  83.97443657  13.58157397]
2024-05-29 10:32:19,098 - CE_Logger - DEBUG - Mejor fitness de la particula:6236.37719221865
2024-05-29 10:32:19,098 - CE_Logger - DEBUG - Numero de Infracciones: 0.0
2024-05-29 10:32:23,048 - CE_Logger - DEBUG - SOLUCION OPTIMA:
2024-05-29 10:32:23,049 - CE_Logger - DEBUG - Mejor posicion de la particula:[  0.49521319 -74.33159307 -12.50832399  -4.09425156 -19.16518677
  56.32917798 -80.6356039  -93.47222761  67.61723351  76.52330995]
2024-05-29 10:32:23,049 - CE_Logger - DEBUG - Mejor fitness de la particula:8470.27557811987
2024-05-29 10:32:23,049 - CE_Logger - DEBUG - Numero de Infracciones: 0.0
2024-05-29 10:32:27,004 - CE_Logger - DEBUG - SOLUCION OPTIMA:
2024-05-29 10:32:27,004 - CE_Logger - DEBUG - Mejor posicion de la particula:[ 63.29841058  97.61623439 -10.26626021  -5.76095522  -0.71028657
 -80.59907714  37.88245622  96.54986874 -44.49886939 -26.55210771]
2024-05-29 10:32:27,004 - CE_Logger - DEBUG - Mejor fitness de la particula:6869.191398675633
2024-05-29 10:32:27,004 - CE_Logger - DEBUG - Numero de Infracciones: 0.0
2024-05-29 10:32:30,862 - CE_Logger - DEBUG - SOLUCION OPTIMA:
2024-05-29 10:32:30,862 - CE_Logger - DEBUG - Mejor posicion de la particula:[-76.38642937  -9.12310839   2.73078089  82.99326202 -39.73615006
  -2.43986264 -15.35122419 -29.01516163 -59.50297842  76.60185782]
2024-05-29 10:32:30,862 - CE_Logger - DEBUG - Mejor fitness de la particula:7961.299571727937
2024-05-29 10:32:30,862 - CE_Logger - DEBUG - Numero de Infracciones: 0.0
2024-05-29 10:32:34,854 - CE_Logger - DEBUG - SOLUCION OPTIMA:
2024-05-29 10:32:34,854 - CE_Logger - DEBUG - Mejor posicion de la particula:[-17.51894858 -78.02310318 -72.81769446 -48.22646782  41.78199921
 -57.63189827 -57.27181106  13.18959417 -83.7921272  -66.29166571]
2024-05-29 10:32:34,854 - CE_Logger - DEBUG - Mejor fitness de la particula:7927.596987666872
2024-05-29 10:32:34,854 - CE_Logger - DEBUG - Numero de Infracciones: 0.0
2024-05-29 10:32:38,794 - CE_Logger - DEBUG - SOLUCION OPTIMA:
2024-05-29 10:32:38,794 - CE_Logger - DEBUG - Mejor posicion de la particula:[ 82.10522379  28.54679827 -17.35961534 -63.11757685  -7.53832972
  90.95831074 -62.83003434   5.19008561 -23.21037801 -69.19070322]
2024-05-29 10:32:38,794 - CE_Logger - DEBUG - Mejor fitness de la particula:3440.3583227414783
2024-05-29 10:32:38,794 - CE_Logger - DEBUG - Numero de Infracciones: 0.0
2024-05-29 10:32:42,836 - CE_Logger - DEBUG - SOLUCION OPTIMA:
2024-05-29 10:32:42,836 - CE_Logger - DEBUG - Mejor posicion de la particula:[ 51.78498391 -70.12480403   7.76531551  76.48283764 -36.22248204
  76.03157174 -58.61227347  -7.53663116  67.76466021 -52.23585993]
2024-05-29 10:32:42,836 - CE_Logger - DEBUG - Mejor fitness de la particula:8463.73306659075
2024-05-29 10:32:42,836 - CE_Logger - DEBUG - Numero de Infracciones: 0.0
2024-05-29 10:32:46,823 - CE_Logger - DEBUG - SOLUCION OPTIMA:
2024-05-29 10:32:46,823 - CE_Logger - DEBUG - Mejor posicion de la particula:[-70.01366523  83.66118563 -33.50044294  49.77887259   0.97168509
 -89.23067471 -66.3443378  -78.44474481  73.15864543  48.56079942]
2024-05-29 10:32:46,823 - CE_Logger - DEBUG - Mejor fitness de la particula:5396.327175379796
2024-05-29 10:32:46,823 - CE_Logger - DEBUG - Numero de Infracciones: 0.0
2024-05-29 10:32:50,805 - CE_Logger - DEBUG - SOLUCION OPTIMA:
2024-05-29 10:32:50,806 - CE_Logger - DEBUG - Mejor posicion de la particula:[-19.43343771  -7.49428489  23.1042995    9.78626503 -96.47852069
 -96.39859197 -31.86702757 -51.46081418  91.47718453 -52.81551837]
2024-05-29 10:32:50,806 - CE_Logger - DEBUG - Mejor fitness de la particula:5200.650234862135
2024-05-29 10:32:50,806 - CE_Logger - DEBUG - Numero de Infracciones: 0.0
2024-05-29 10:32:55,039 - CE_Logger - DEBUG - SOLUCION OPTIMA:
2024-05-29 10:32:55,039 - CE_Logger - DEBUG - Mejor posicion de la particula:[ 21.04790447  33.12393678 -23.15840222   1.46683325 -61.97571121
  42.17485884  77.74524704 -83.96458173  28.94815467  36.0530201 ]
2024-05-29 10:32:55,040 - CE_Logger - DEBUG - Mejor fitness de la particula:6928.6926949576955
2024-05-29 10:32:55,040 - CE_Logger - DEBUG - Numero de Infracciones: 0.0
2024-05-29 10:32:58,998 - CE_Logger - DEBUG - SOLUCION OPTIMA:
2024-05-29 10:32:58,998 - CE_Logger - DEBUG - Mejor posicion de la particula:[-70.16985439  59.59596082  36.37661354 -32.62478806 -29.99201117
  71.23159065  81.03675398  55.74374232  30.81369509  24.09465596]
2024-05-29 10:32:58,998 - CE_Logger - DEBUG - Mejor fitness de la particula:5317.462656329455
2024-05-29 10:32:58,998 - CE_Logger - DEBUG - Numero de Infracciones: 0.0
2024-05-29 10:33:02,977 - CE_Logger - DEBUG - SOLUCION OPTIMA:
2024-05-29 10:33:02,977 - CE_Logger - DEBUG - Mejor posicion de la particula:[ 76.28610901  89.6931296  -98.10721161 -96.27085533  24.14280525
  -2.84658572  47.31082655  87.84220595   4.31857621  91.14784218]
2024-05-29 10:33:02,977 - CE_Logger - DEBUG - Mejor fitness de la particula:5677.034068323994
2024-05-29 10:33:02,977 - CE_Logger - DEBUG - Numero de Infracciones: 0.0
2024-05-29 10:33:07,000 - CE_Logger - DEBUG - SOLUCION OPTIMA:
2024-05-29 10:33:07,000 - CE_Logger - DEBUG - Mejor posicion de la particula:[-69.90358788 -50.84163439  94.5495297   87.69403245  71.02884795
 -66.28318766  75.97238951  97.69084058 -80.05551734 -88.01181482]
2024-05-29 10:33:07,000 - CE_Logger - DEBUG - Mejor fitness de la particula:5246.431673403224
2024-05-29 10:33:07,000 - CE_Logger - DEBUG - Numero de Infracciones: 0.0
2024-05-29 10:33:11,853 - CE_Logger - DEBUG - SOLUCION OPTIMA:
2024-05-29 10:33:11,853 - CE_Logger - DEBUG - Mejor posicion de la particula:[-59.51287731 -23.18418317  39.63598701 -27.842593    73.26219768
 -35.83256901  72.69498881 -61.08913225  38.26620576  98.10813906]
2024-05-29 10:33:11,853 - CE_Logger - DEBUG - Mejor fitness de la particula:6315.370074047442
2024-05-29 10:33:11,853 - CE_Logger - DEBUG - Numero de Infracciones: 0.0
2024-05-29 10:33:15,998 - CE_Logger - DEBUG - SOLUCION OPTIMA:
2024-05-29 10:33:15,998 - CE_Logger - DEBUG - Mejor posicion de la particula:[-21.73333016 -41.6124817   66.72448673 -16.08478403 -41.84235964
 -88.78748762 -75.55697887  14.81163443 -33.74042356  90.17815637]
2024-05-29 10:33:15,998 - CE_Logger - DEBUG - Mejor fitness de la particula:4664.67707089242
2024-05-29 10:33:15,998 - CE_Logger - DEBUG - Numero de Infracciones: 0.0
2024-05-29 10:33:20,312 - CE_Logger - DEBUG - SOLUCION OPTIMA:
2024-05-29 10:33:20,312 - CE_Logger - DEBUG - Mejor posicion de la particula:[-54.95066856  54.92275097  90.23649643 -94.06676326 -80.23277408
  62.19023491 -82.79741779 -54.74780306  92.04727516 -83.95183758]
2024-05-29 10:33:20,312 - CE_Logger - DEBUG - Mejor fitness de la particula:6439.382937096083
2024-05-29 10:33:20,312 - CE_Logger - DEBUG - Numero de Infracciones: 0.0
2024-05-29 10:33:24,571 - CE_Logger - DEBUG - SOLUCION OPTIMA:
2024-05-29 10:33:24,571 - CE_Logger - DEBUG - Mejor posicion de la particula:[ 26.60599029 -10.16485813  44.70587554 -99.82470452  35.33065201
  37.37549705  85.19485097 -38.19873234  59.18796813  21.65638502]
2024-05-29 10:33:24,571 - CE_Logger - DEBUG - Mejor fitness de la particula:3766.860248777551
2024-05-29 10:33:24,571 - CE_Logger - DEBUG - Numero de Infracciones: 0.0
2024-05-29 10:33:28,763 - CE_Logger - DEBUG - SOLUCION OPTIMA:
2024-05-29 10:33:28,764 - CE_Logger - DEBUG - Mejor posicion de la particula:[  5.70229993 -37.06025381 -18.89898299 -73.39301194 -63.30372583
  32.17061668  53.9702551  -36.19565263 -50.02784266 -83.47585802]
2024-05-29 10:33:28,764 - CE_Logger - DEBUG - Mejor fitness de la particula:4586.2095979603255
2024-05-29 10:33:28,764 - CE_Logger - DEBUG - Numero de Infracciones: 0.0
2024-05-29 10:33:33,044 - CE_Logger - DEBUG - SOLUCION OPTIMA:
2024-05-29 10:33:33,044 - CE_Logger - DEBUG - Mejor posicion de la particula:[-85.4962175  -40.48403726  44.16739733 -41.05888641  67.02726916
  -6.7048088   29.98977541  83.69640802  42.5240931   47.80894067]
2024-05-29 10:33:33,044 - CE_Logger - DEBUG - Mejor fitness de la particula:3174.4723111282124
2024-05-29 10:33:33,044 - CE_Logger - DEBUG - Numero de Infracciones: 0.0
2024-05-29 10:33:37,468 - CE_Logger - DEBUG - SOLUCION OPTIMA:
2024-05-29 10:33:37,469 - CE_Logger - DEBUG - Mejor posicion de la particula:[ 38.97645743  84.21719119 -18.95618669  80.88044635 -65.92183136
 -13.85681193 -65.49618983  71.12094497  20.04333806   8.44640776]
2024-05-29 10:33:37,469 - CE_Logger - DEBUG - Mejor fitness de la particula:7399.79978978507
2024-05-29 10:33:37,469 - CE_Logger - DEBUG - Numero de Infracciones: 0.0
2024-05-29 10:33:41,830 - CE_Logger - DEBUG - SOLUCION OPTIMA:
2024-05-29 10:33:41,830 - CE_Logger - DEBUG - Mejor posicion de la particula:[-58.25042557  -2.5222517   11.03875679  28.17906451  32.22580646
  37.9978789  -95.28258309 -65.66043054   3.30625122  74.5485427 ]
2024-05-29 10:33:41,830 - CE_Logger - DEBUG - Mejor fitness de la particula:4167.639973613541
2024-05-29 10:33:41,830 - CE_Logger - DEBUG - Numero de Infracciones: 0.0
2024-05-29 10:52:41,373 - CE_Logger - DEBUG - SOLUCION OPTIMA:
2024-05-29 10:52:41,374 - CE_Logger - DEBUG - Mejor posicion de la particula:[ 89.19495772 -52.01455458 -89.01775911 -68.65283633  66.85983319
 -92.43450427 -32.55525092  36.39524598  77.60082743 -30.27750189]
2024-05-29 10:52:41,374 - CE_Logger - DEBUG - Mejor fitness de la particula:9246.946289828233
2024-05-29 10:52:41,374 - CE_Logger - DEBUG - Numero de Infracciones: 0.0
2024-05-29 10:52:45,642 - CE_Logger - DEBUG - SOLUCION OPTIMA:
2024-05-29 10:52:45,643 - CE_Logger - DEBUG - Mejor posicion de la particula:[ 44.07064266   1.90873129 -78.74216529 -64.42492257  14.21100347
 -47.10286891 -32.3611821   59.25997527  77.53650505  77.33806784]
2024-05-29 10:52:45,643 - CE_Logger - DEBUG - Mejor fitness de la particula:6429.054325241971
2024-05-29 10:52:45,643 - CE_Logger - DEBUG - Numero de Infracciones: 0.0
2024-05-29 10:52:50,010 - CE_Logger - DEBUG - SOLUCION OPTIMA:
2024-05-29 10:52:50,010 - CE_Logger - DEBUG - Mejor posicion de la particula:[ 23.15691731  -7.28902975  97.4136335   25.68827568  85.37846207
 -97.1814312  -57.32994418  72.34429349 -42.18877444  82.18301334]
2024-05-29 10:52:50,010 - CE_Logger - DEBUG - Mejor fitness de la particula:3943.8791285575935
2024-05-29 10:52:50,010 - CE_Logger - DEBUG - Numero de Infracciones: 0.0
2024-05-29 10:52:54,570 - CE_Logger - DEBUG - SOLUCION OPTIMA:
2024-05-29 10:52:54,570 - CE_Logger - DEBUG - Mejor posicion de la particula:[-43.84347697 -77.63596481  66.46354884 -91.43040741 -66.34158491
 -74.6163402   99.70838658 -90.33821712 -41.45270366 -89.43538198]
2024-05-29 10:52:54,570 - CE_Logger - DEBUG - Mejor fitness de la particula:5145.355046937744
2024-05-29 10:52:54,570 - CE_Logger - DEBUG - Numero de Infracciones: 0.0
2024-05-29 10:53:00,170 - CE_Logger - DEBUG - SOLUCION OPTIMA:
2024-05-29 10:53:00,170 - CE_Logger - DEBUG - Mejor posicion de la particula:[ 14.78740124  50.23305292  -0.46903477 -59.95229746  91.19722634
  21.13902073  46.43370383 -70.65568861 -27.0178084   33.38742247]
2024-05-29 10:53:00,170 - CE_Logger - DEBUG - Mejor fitness de la particula:5748.298052464277
2024-05-29 10:53:00,170 - CE_Logger - DEBUG - Numero de Infracciones: 0.0
2024-05-29 10:53:07,393 - CE_Logger - DEBUG - SOLUCION OPTIMA:
2024-05-29 10:53:07,394 - CE_Logger - DEBUG - Mejor posicion de la particula:[ 74.43882521  50.88283044  93.27614769  95.41473481  24.46488505
  70.133599    29.31308937  57.21476584 -92.48549955 -98.65052564]
2024-05-29 10:53:07,394 - CE_Logger - DEBUG - Mejor fitness de la particula:4909.153394582588
2024-05-29 10:53:07,394 - CE_Logger - DEBUG - Numero de Infracciones: 0.0
2024-05-29 10:53:12,067 - CE_Logger - DEBUG - SOLUCION OPTIMA:
2024-05-29 10:53:12,068 - CE_Logger - DEBUG - Mejor posicion de la particula:[-92.55037912 -19.16264854  72.75150615  91.65648913  -3.9135061
  75.99508863   8.60981812 -83.27244243  75.26127819 -88.75231339]
2024-05-29 10:53:12,068 - CE_Logger - DEBUG - Mejor fitness de la particula:8927.678683464395
2024-05-29 10:53:12,068 - CE_Logger - DEBUG - Numero de Infracciones: 0.0
2024-05-29 10:53:16,610 - CE_Logger - DEBUG - SOLUCION OPTIMA:
2024-05-29 10:53:16,610 - CE_Logger - DEBUG - Mejor posicion de la particula:[ 76.20504474 -40.7448177   57.4718024  -29.95020661  21.03192721
 -11.78854051 -23.94717512 -17.60684612  96.71734332  69.42629367]
2024-05-29 10:53:16,610 - CE_Logger - DEBUG - Mejor fitness de la particula:6473.995425372169
2024-05-29 10:53:16,610 - CE_Logger - DEBUG - Numero de Infracciones: 0.0
2024-05-29 10:53:21,084 - CE_Logger - DEBUG - SOLUCION OPTIMA:
2024-05-29 10:53:21,084 - CE_Logger - DEBUG - Mejor posicion de la particula:[-47.66349575  -0.65720103  45.67462319 -78.42286349 -63.04638429
 -66.18592306  73.59403511  88.14718838 -92.24581884 -96.10805512]
2024-05-29 10:53:21,085 - CE_Logger - DEBUG - Mejor fitness de la particula:6453.121396495067
2024-05-29 10:53:21,085 - CE_Logger - DEBUG - Numero de Infracciones: 0.0
2024-05-29 10:53:25,511 - CE_Logger - DEBUG - SOLUCION OPTIMA:
2024-05-29 10:53:25,512 - CE_Logger - DEBUG - Mejor posicion de la particula:[ 20.572248    66.42237989  74.20673868 -79.47259671 -22.68094788
 -28.14032899  95.79546916  64.00673796 -62.97801756 -68.62436829]
2024-05-29 10:53:25,512 - CE_Logger - DEBUG - Mejor fitness de la particula:4348.041876439389
2024-05-29 10:53:25,512 - CE_Logger - DEBUG - Numero de Infracciones: 0.0
2024-05-29 10:53:30,095 - CE_Logger - DEBUG - SOLUCION OPTIMA:
2024-05-29 10:53:30,095 - CE_Logger - DEBUG - Mejor posicion de la particula:[ 91.95587175  20.63962883  77.40537072 -42.39457684 -99.10782386
 -38.60325715 -37.754073   -96.74629517  86.15913453 -61.21019821]
2024-05-29 10:53:30,095 - CE_Logger - DEBUG - Mejor fitness de la particula:5760.176806120541
2024-05-29 10:53:30,095 - CE_Logger - DEBUG - Numero de Infracciones: 0.0
2024-05-29 10:53:34,656 - CE_Logger - DEBUG - SOLUCION OPTIMA:
2024-05-29 10:53:34,657 - CE_Logger - DEBUG - Mejor posicion de la particula:[-80.80335728   2.07566783 -47.95328217 -30.64511654 -67.73622146
  24.40734136  70.28770978 -68.18175987 -98.42644579 -73.2336951 ]
2024-05-29 10:53:34,657 - CE_Logger - DEBUG - Mejor fitness de la particula:7107.3850216995015
2024-05-29 10:53:34,657 - CE_Logger - DEBUG - Numero de Infracciones: 0.0
2024-05-29 10:53:39,174 - CE_Logger - DEBUG - SOLUCION OPTIMA:
2024-05-29 10:53:39,175 - CE_Logger - DEBUG - Mejor posicion de la particula:[ 29.9011345  -58.33950816 -12.54625099 -41.25277707  70.93831272
 -46.9830572   82.63158662 -16.96606552  14.36623601 -42.13916942]
2024-05-29 10:53:39,175 - CE_Logger - DEBUG - Mejor fitness de la particula:8593.622020918334
2024-05-29 10:53:39,175 - CE_Logger - DEBUG - Numero de Infracciones: 0.0
2024-05-29 10:53:43,807 - CE_Logger - DEBUG - SOLUCION OPTIMA:
2024-05-29 10:53:43,807 - CE_Logger - DEBUG - Mejor posicion de la particula:[ 72.10538493  40.41796228  37.24785793  50.0274704   56.8669991
 -98.23713267 -52.77405305 -76.5358655   -8.20567157 -19.24947195]
2024-05-29 10:53:43,807 - CE_Logger - DEBUG - Mejor fitness de la particula:5693.829899276101
2024-05-29 10:53:43,807 - CE_Logger - DEBUG - Numero de Infracciones: 0.0
2024-05-29 10:53:48,431 - CE_Logger - DEBUG - SOLUCION OPTIMA:
2024-05-29 10:53:48,432 - CE_Logger - DEBUG - Mejor posicion de la particula:[ 97.98950621  52.77628409  97.82009498 -75.82119036 -53.82958418
   9.41904166  73.08999691  11.56155679 -77.75011451 -23.89486664]
2024-05-29 10:53:48,432 - CE_Logger - DEBUG - Mejor fitness de la particula:5559.658080524934
2024-05-29 10:53:48,432 - CE_Logger - DEBUG - Numero de Infracciones: 0.0
2024-05-29 10:53:53,043 - CE_Logger - DEBUG - SOLUCION OPTIMA:
2024-05-29 10:53:53,043 - CE_Logger - DEBUG - Mejor posicion de la particula:[ 89.35658577  74.96678422 -76.51276927 -36.42977505 -79.13931466
 -30.31196016 -51.09182638 -15.82574935  69.59237798  -7.34253689]
2024-05-29 10:53:53,043 - CE_Logger - DEBUG - Mejor fitness de la particula:7396.09130182505
2024-05-29 10:53:53,043 - CE_Logger - DEBUG - Numero de Infracciones: 0.0
2024-05-29 10:53:57,619 - CE_Logger - DEBUG - SOLUCION OPTIMA:
2024-05-29 10:53:57,620 - CE_Logger - DEBUG - Mejor posicion de la particula:[ 34.48822378   6.44486774 -38.99469153 -40.99908616  19.57724781
 -48.39998147  -4.30033166 -64.9661303  -99.84393951 -13.42776757]
2024-05-29 10:53:57,620 - CE_Logger - DEBUG - Mejor fitness de la particula:5778.875738112454
2024-05-29 10:53:57,620 - CE_Logger - DEBUG - Numero de Infracciones: 0.0
2024-05-29 10:54:03,480 - CE_Logger - DEBUG - SOLUCION OPTIMA:
2024-05-29 10:54:03,481 - CE_Logger - DEBUG - Mejor posicion de la particula:[ 56.52296275  49.93209865  73.96536838  70.3031736  -33.77448711
  53.06260686 -40.88151974   4.2192175  -53.06828886 -67.7559725 ]
2024-05-29 10:54:03,481 - CE_Logger - DEBUG - Mejor fitness de la particula:6834.737376007331
2024-05-29 10:54:03,481 - CE_Logger - DEBUG - Numero de Infracciones: 0.0
2024-05-29 10:54:10,401 - CE_Logger - DEBUG - SOLUCION OPTIMA:
2024-05-29 10:54:10,402 - CE_Logger - DEBUG - Mejor posicion de la particula:[-99.72532762 -26.34403006 -59.65868069 -32.90335585 -39.52990988
 -86.1200836  -90.89690896  18.87214117  90.83633586 -79.96799305]
2024-05-29 10:54:10,402 - CE_Logger - DEBUG - Mejor fitness de la particula:6207.917827298619
2024-05-29 10:54:10,402 - CE_Logger - DEBUG - Numero de Infracciones: 0.0
2024-05-29 10:54:16,909 - CE_Logger - DEBUG - SOLUCION OPTIMA:
2024-05-29 10:54:16,909 - CE_Logger - DEBUG - Mejor posicion de la particula:[-22.14841007  33.85065582  46.86580078 -15.21298592   8.70831508
  32.08715877 -13.48753788  52.48293973 -37.31906244 -60.58794821]
2024-05-29 10:54:16,909 - CE_Logger - DEBUG - Mejor fitness de la particula:7916.644678892394
2024-05-29 10:54:16,909 - CE_Logger - DEBUG - Numero de Infracciones: 0.0
2024-05-29 10:54:23,285 - CE_Logger - DEBUG - SOLUCION OPTIMA:
2024-05-29 10:54:23,285 - CE_Logger - DEBUG - Mejor posicion de la particula:[-59.19834632 -70.55606088  39.11759084  37.58384894 -51.08095818
  65.31666958  23.85868469 -79.96990483  72.96672383  77.33183253]
2024-05-29 10:54:23,285 - CE_Logger - DEBUG - Mejor fitness de la particula:6596.409540046368
2024-05-29 10:54:23,285 - CE_Logger - DEBUG - Numero de Infracciones: 0.0
2024-05-29 10:54:29,503 - CE_Logger - DEBUG - SOLUCION OPTIMA:
2024-05-29 10:54:29,503 - CE_Logger - DEBUG - Mejor posicion de la particula:[-20.26627726  93.25489876  55.36474828  39.10377735   4.38056697
 -58.73231692 -93.69063326  34.51629473 -67.16034743  20.02912488]
2024-05-29 10:54:29,503 - CE_Logger - DEBUG - Mejor fitness de la particula:5703.808236404072
2024-05-29 10:54:29,503 - CE_Logger - DEBUG - Numero de Infracciones: 0.0
2024-05-29 10:54:35,751 - CE_Logger - DEBUG - SOLUCION OPTIMA:
2024-05-29 10:54:35,751 - CE_Logger - DEBUG - Mejor posicion de la particula:[ 27.12441474  36.7925808   44.52892815  89.81932525 -52.01954581
  -9.7314674  -76.69225347 -44.50930325  -1.31982567  33.02601607]
2024-05-29 10:54:35,752 - CE_Logger - DEBUG - Mejor fitness de la particula:5392.939787612659
2024-05-29 10:54:35,752 - CE_Logger - DEBUG - Numero de Infracciones: 0.0
2024-05-29 10:54:41,967 - CE_Logger - DEBUG - SOLUCION OPTIMA:
2024-05-29 10:54:41,967 - CE_Logger - DEBUG - Mejor posicion de la particula:[-61.5252687  -55.30901216  10.11806485 -54.52500171 -93.68486562
 -46.08231405 -61.57579359  15.65182623  58.1793758   69.02596194]
2024-05-29 10:54:41,968 - CE_Logger - DEBUG - Mejor fitness de la particula:7511.019000397137
2024-05-29 10:54:41,968 - CE_Logger - DEBUG - Numero de Infracciones: 0.0
2024-05-29 10:54:48,217 - CE_Logger - DEBUG - SOLUCION OPTIMA:
2024-05-29 10:54:48,217 - CE_Logger - DEBUG - Mejor posicion de la particula:[ 42.17177947  14.2769855   54.5409498   21.57782781 -19.42248113
 -76.54596319 -89.87587589  75.80035401  85.8476311    6.86389636]
2024-05-29 10:54:48,217 - CE_Logger - DEBUG - Mejor fitness de la particula:6793.002172194418
2024-05-29 10:54:48,217 - CE_Logger - DEBUG - Numero de Infracciones: 0.0
2024-05-29 11:20:02,845 - CE_Logger - DEBUG - SOLUCION OPTIMA:
2024-05-29 11:20:02,846 - CE_Logger - DEBUG - Mejor posicion de la particula:[ 0.98551051  0.74286159  0.91769538  0.48590604  0.28341254  0.14707466
  0.26477968  0.65582695  0.73077945  2.90233795 94.41616338 21.02529679
  0.60680607]
2024-05-29 11:20:02,846 - CE_Logger - DEBUG - Mejor fitness de la particula:-3.042420512711413
2024-05-29 11:20:02,846 - CE_Logger - DEBUG - Numero de Infracciones: 0.10382004560600507
2024-05-29 11:20:08,229 - CE_Logger - DEBUG - SOLUCION OPTIMA:
2024-05-29 11:20:08,229 - CE_Logger - DEBUG - Mejor posicion de la particula:[ 0.60217767  0.62131294  0.8308869   0.68564322  0.27247113  0.3097838
  0.96017873  0.58630571  0.96438789 88.1152262  40.13577179 96.65600425
  0.83940815]
2024-05-29 11:20:08,229 - CE_Logger - DEBUG - Mejor fitness de la particula:-5.805982009337949
2024-05-29 11:20:08,229 - CE_Logger - DEBUG - Numero de Infracciones: 2.2073974191691415
2024-05-29 11:20:13,643 - CE_Logger - DEBUG - SOLUCION OPTIMA:
2024-05-29 11:20:13,643 - CE_Logger - DEBUG - Mejor posicion de la particula:[1.00335724e-01 8.97253460e-01 7.42031003e-01 5.48690517e-01
 3.37302653e-01 5.40029991e-01 5.36731925e-01 4.07544372e-02
 4.12214835e-01 2.99223059e+01 7.38946925e+00 7.58818999e+01
 9.88106965e-01]
2024-05-29 11:20:13,643 - CE_Logger - DEBUG - Mejor fitness de la particula:-9.479730944416614
2024-05-29 11:20:13,643 - CE_Logger - DEBUG - Numero de Infracciones: 35.32520320002636
2024-05-29 11:20:19,230 - CE_Logger - DEBUG - SOLUCION OPTIMA:
2024-05-29 11:20:19,230 - CE_Logger - DEBUG - Mejor posicion de la particula:[ 0.72872621  0.61291293  0.7486653   0.60376655  0.62961765  0.68580513
  0.65881411  0.33198776  0.92088564 38.44816577 98.33503886 70.88406583
  0.28742715]
2024-05-29 11:20:19,230 - CE_Logger - DEBUG - Mejor fitness de la particula:-11.14968342330338
2024-05-29 11:20:19,230 - CE_Logger - DEBUG - Numero de Infracciones: 15.443185882794328
2024-05-29 11:20:28,075 - CE_Logger - DEBUG - SOLUCION OPTIMA:
2024-05-29 11:20:28,075 - CE_Logger - DEBUG - Mejor posicion de la particula:[ 0.68551118  0.43023118  0.50246755  0.37785063  0.97455548  0.96566838
  0.51906883  0.50907551  0.22663697 35.38571729 50.66351729 67.65966185
  0.53214559]
2024-05-29 11:20:28,075 - CE_Logger - DEBUG - Mejor fitness de la particula:-10.96449608934606
2024-05-29 11:20:28,075 - CE_Logger - DEBUG - Numero de Infracciones: 16.360694060999435
2024-05-29 11:20:36,910 - CE_Logger - DEBUG - SOLUCION OPTIMA:
2024-05-29 11:20:36,911 - CE_Logger - DEBUG - Mejor posicion de la particula:[ 0.52374632  0.10316529  0.69323521  0.95313419  0.44010163  0.77515848
  0.6137337   0.56483762  0.51453304 96.49098625 47.65052315 24.74531879
  0.39019095]
2024-05-29 11:20:36,911 - CE_Logger - DEBUG - Mejor fitness de la particula:-11.115807204552715
2024-05-29 11:20:36,911 - CE_Logger - DEBUG - Numero de Infracciones: 31.53094545489291
2024-05-29 11:20:45,743 - CE_Logger - DEBUG - SOLUCION OPTIMA:
2024-05-29 11:20:45,744 - CE_Logger - DEBUG - Mejor posicion de la particula:[8.08079680e-01 1.77488062e-01 5.85047447e-01 3.21560996e-01
 6.73745203e-01 4.92087313e-01 3.01861061e-01 9.95026088e-01
 9.63252575e-01 2.34519481e+01 8.26174818e+01 3.03721756e+01
 7.57768249e-02]
2024-05-29 11:20:45,744 - CE_Logger - DEBUG - Mejor fitness de la particula:-12.007962698622087
2024-05-29 11:20:45,744 - CE_Logger - DEBUG - Numero de Infracciones: 35.799335800819975
2024-05-29 11:20:54,571 - CE_Logger - DEBUG - SOLUCION OPTIMA:
2024-05-29 11:20:54,572 - CE_Logger - DEBUG - Mejor posicion de la particula:[9.91079589e-01 7.43102007e-01 1.57863809e-01 6.08019255e-01
 8.60859768e-01 3.73592836e-02 4.35432427e-01 3.92749676e-01
 8.61125810e-01 9.23620145e+01 4.70394116e+00 7.77957045e+01
 1.28469010e-01]
2024-05-29 11:20:54,572 - CE_Logger - DEBUG - Mejor fitness de la particula:-11.895095811862427
2024-05-29 11:20:54,572 - CE_Logger - DEBUG - Numero de Infracciones: 22.282560766147075
2024-05-29 11:21:03,430 - CE_Logger - DEBUG - SOLUCION OPTIMA:
2024-05-29 11:21:03,430 - CE_Logger - DEBUG - Mejor posicion de la particula:[1.74175306e-02 6.55064271e-01 7.10958789e-01 6.38885858e-01
 8.92457285e-01 3.21626555e-01 8.74073022e-01 8.53927220e-01
 1.94327133e-01 3.59506211e+00 8.67478648e+01 8.86252257e+01
 5.80245737e-02]
2024-05-29 11:21:03,431 - CE_Logger - DEBUG - Mejor fitness de la particula:-9.842384564377213
2024-05-29 11:21:03,431 - CE_Logger - DEBUG - Numero de Infracciones: 29.653029428627093
2024-05-29 11:21:12,278 - CE_Logger - DEBUG - SOLUCION OPTIMA:
2024-05-29 11:21:12,278 - CE_Logger - DEBUG - Mejor posicion de la particula:[5.31789022e-01 7.01813575e-01 7.20332110e-01 8.31699740e-01
 3.33933067e-02 3.93565389e-01 5.91077548e-01 2.59836050e-01
 9.36515624e-02 2.91342090e+01 9.83639377e+01 5.19831283e+01
 9.22377033e-01]
2024-05-29 11:21:12,278 - CE_Logger - DEBUG - Mejor fitness de la particula:-5.345636058136815
2024-05-29 11:21:12,278 - CE_Logger - DEBUG - Numero de Infracciones: 0.4282037141086466
2024-05-29 11:21:21,108 - CE_Logger - DEBUG - SOLUCION OPTIMA:
2024-05-29 11:21:21,109 - CE_Logger - DEBUG - Mejor posicion de la particula:[7.58550121e-01 9.93412846e-01 4.90721447e-02 3.42857525e-01
 3.63336411e-01 9.73515695e-02 7.10434952e-01 9.65650523e-01
 4.07182136e-01 6.10994203e+01 9.63799372e+01 4.66389884e+01
 8.38120644e-01]
2024-05-29 11:21:21,109 - CE_Logger - DEBUG - Mejor fitness de la particula:-13.51888779995715
2024-05-29 11:21:21,109 - CE_Logger - DEBUG - Numero de Infracciones: 5.27583872265561
2024-05-29 11:21:29,927 - CE_Logger - DEBUG - SOLUCION OPTIMA:
2024-05-29 11:21:29,927 - CE_Logger - DEBUG - Mejor posicion de la particula:[ 0.75902385  0.19918365  0.47533378  0.67384926  0.56440864  0.40519204
  0.79074242  0.5823856   0.14755209 92.49548387 80.23916221 10.24719046
  0.96350619]
2024-05-29 11:21:29,928 - CE_Logger - DEBUG - Mejor fitness de la particula:-4.826691241750776
2024-05-29 11:21:29,928 - CE_Logger - DEBUG - Numero de Infracciones: 7.6523538238789675
2024-05-29 11:21:38,762 - CE_Logger - DEBUG - SOLUCION OPTIMA:
2024-05-29 11:21:38,762 - CE_Logger - DEBUG - Mejor posicion de la particula:[ 0.69385027  0.40474921  0.84925295  0.11986597  0.68886572  0.8195799
  0.49684788  0.63243012  0.64608816 83.08055534 26.23274539 33.2111037
  0.60793539]
2024-05-29 11:21:38,762 - CE_Logger - DEBUG - Mejor fitness de la particula:-9.51179720522193
2024-05-29 11:21:38,762 - CE_Logger - DEBUG - Numero de Infracciones: 43.77544138341192
2024-05-29 11:21:47,573 - CE_Logger - DEBUG - SOLUCION OPTIMA:
2024-05-29 11:21:47,573 - CE_Logger - DEBUG - Mejor posicion de la particula:[ 0.92103476  0.88878151  0.34969676  0.63385093  0.17157489  0.96142336
  0.32861124  0.45671624  0.86454795 78.8234571  14.00915694 65.35611677
  0.56485865]
2024-05-29 11:21:47,573 - CE_Logger - DEBUG - Mejor fitness de la particula:-10.511746396801865
2024-05-29 11:21:47,573 - CE_Logger - DEBUG - Numero de Infracciones: 101.60251650398206
2024-05-29 11:21:56,377 - CE_Logger - DEBUG - SOLUCION OPTIMA:
2024-05-29 11:21:56,378 - CE_Logger - DEBUG - Mejor posicion de la particula:[7.97272161e-02 4.24687501e-01 7.15969488e-02 8.97813430e-01
 6.43883662e-01 8.58410348e-01 4.60486370e-01 5.99103993e-01
 9.53489517e-01 8.84501666e+01 2.68645183e+01 3.87869994e+01
 4.84803510e-01]
2024-05-29 11:21:56,378 - CE_Logger - DEBUG - Mejor fitness de la particula:-7.9945846495625545
2024-05-29 11:21:56,378 - CE_Logger - DEBUG - Numero de Infracciones: 8.727067297225606
2024-05-29 11:22:05,206 - CE_Logger - DEBUG - SOLUCION OPTIMA:
2024-05-29 11:22:05,207 - CE_Logger - DEBUG - Mejor posicion de la particula:[8.09678000e-01 7.74863039e-01 6.14948210e-01 5.74436759e-01
 5.32161493e-01 5.06588146e-01 6.19835106e-02 8.69410155e-01
 8.56342780e-01 1.45052290e+01 8.89895507e+01 9.98312274e+01
 7.01308922e-01]
2024-05-29 11:22:05,207 - CE_Logger - DEBUG - Mejor fitness de la particula:-9.493667594397142
2024-05-29 11:22:05,207 - CE_Logger - DEBUG - Numero de Infracciones: 22.78443998750566
2024-05-29 11:22:14,028 - CE_Logger - DEBUG - SOLUCION OPTIMA:
2024-05-29 11:22:14,029 - CE_Logger - DEBUG - Mejor posicion de la particula:[4.96210114e-01 2.62516309e-01 1.46111991e-01 8.49867640e-01
 4.89757252e-02 3.23500857e-01 8.01134006e-01 9.74641993e-01
 9.73025832e-01 9.15324409e+01 7.03126307e+01 8.77336534e+01
 7.48232403e-01]
2024-05-29 11:22:14,029 - CE_Logger - DEBUG - Mejor fitness de la particula:-7.477769853130767
2024-05-29 11:22:14,029 - CE_Logger - DEBUG - Numero de Infracciones: 16.15514775040865
2024-05-29 11:22:22,821 - CE_Logger - DEBUG - SOLUCION OPTIMA:
2024-05-29 11:22:22,821 - CE_Logger - DEBUG - Mejor posicion de la particula:[8.01094170e-01 5.16089503e-02 2.32075187e-01 3.53418343e-01
 7.20403774e-01 9.73107037e-01 2.57516184e-01 2.33053165e-01
 7.33829725e-01 6.85814953e+01 2.54586713e+01 9.33831461e+01
 4.78134960e-01]
2024-05-29 11:22:22,821 - CE_Logger - DEBUG - Mejor fitness de la particula:-6.116040951463839
2024-05-29 11:22:22,821 - CE_Logger - DEBUG - Numero de Infracciones: 2.534930202129872
2024-05-29 11:22:31,618 - CE_Logger - DEBUG - SOLUCION OPTIMA:
2024-05-29 11:22:31,619 - CE_Logger - DEBUG - Mejor posicion de la particula:[ 0.8700512   0.84249624  0.47449387  0.48013802  0.39634928  0.88255387
  0.87391808  0.17307037  0.80928295 36.08464618 21.55345788 90.95991028
  0.46523395]
2024-05-29 11:22:31,619 - CE_Logger - DEBUG - Mejor fitness de la particula:-7.005322087606101
2024-05-29 11:22:31,619 - CE_Logger - DEBUG - Numero de Infracciones: 4.568574926294809
2024-05-29 11:22:40,443 - CE_Logger - DEBUG - SOLUCION OPTIMA:
2024-05-29 11:22:40,443 - CE_Logger - DEBUG - Mejor posicion de la particula:[3.62637193e-01 6.73331191e-01 9.42607021e-02 7.19946688e-02
 4.02255867e-01 6.05369301e-01 4.77012010e-01 8.50904350e-01
 8.15703371e-01 8.77786862e+01 8.42371667e+01 6.23940868e+01
 3.73394366e-01]
2024-05-29 11:22:40,443 - CE_Logger - DEBUG - Mejor fitness de la particula:-8.764494882935223
2024-05-29 11:22:40,443 - CE_Logger - DEBUG - Numero de Infracciones: 9.148014653645266
2024-05-29 11:22:49,305 - CE_Logger - DEBUG - SOLUCION OPTIMA:
2024-05-29 11:22:49,305 - CE_Logger - DEBUG - Mejor posicion de la particula:[ 0.49167254  0.45242293  0.90467278  0.4413151   0.88999116  0.33988475
  0.86380269  0.19548255  0.43404562 86.84374448 92.8765326  48.21523104
  0.49333553]
2024-05-29 11:22:49,305 - CE_Logger - DEBUG - Mejor fitness de la particula:-8.696248230370795
2024-05-29 11:22:49,305 - CE_Logger - DEBUG - Numero de Infracciones: 20.969921305827942
2024-05-29 11:22:58,107 - CE_Logger - DEBUG - SOLUCION OPTIMA:
2024-05-29 11:22:58,108 - CE_Logger - DEBUG - Mejor posicion de la particula:[ 0.95159311  0.8419888   0.53026266  0.90304131  0.73305269  0.74979299
  0.58827545  0.68767377  0.95058205 99.43859665 72.30236194 33.3386345
  0.88171749]
2024-05-29 11:22:58,108 - CE_Logger - DEBUG - Mejor fitness de la particula:-11.574190149636049
2024-05-29 11:22:58,108 - CE_Logger - DEBUG - Numero de Infracciones: 51.542536094254004
2024-05-29 11:23:06,938 - CE_Logger - DEBUG - SOLUCION OPTIMA:
2024-05-29 11:23:06,938 - CE_Logger - DEBUG - Mejor posicion de la particula:[ 0.5744827   0.93627651  0.74492634  0.83712585  0.28197614  0.15107804
  0.50968928  0.28109745  0.96968172 20.83852562 13.05845318 92.62036034
  0.6404984 ]
2024-05-29 11:23:06,938 - CE_Logger - DEBUG - Mejor fitness de la particula:-7.710267484133919
2024-05-29 11:23:06,938 - CE_Logger - DEBUG - Numero de Infracciones: 13.893231228573082
2024-05-29 11:23:15,746 - CE_Logger - DEBUG - SOLUCION OPTIMA:
2024-05-29 11:23:15,746 - CE_Logger - DEBUG - Mejor posicion de la particula:[ 0.12799936  0.82198108  0.36387629  0.48445962  0.35213093  0.94763422
  0.73504545  0.92620087  0.67035532  6.87136444 81.19844091  9.93888743
  0.35201884]
2024-05-29 11:23:15,746 - CE_Logger - DEBUG - Mejor fitness de la particula:-4.838024935410374
2024-05-29 11:23:15,747 - CE_Logger - DEBUG - Numero de Infracciones: 3.9191837491390085
2024-05-29 11:23:24,537 - CE_Logger - DEBUG - SOLUCION OPTIMA:
2024-05-29 11:23:24,537 - CE_Logger - DEBUG - Mejor posicion de la particula:[ 0.96895319  0.91448311  0.70828008  0.47289005  0.86267438  0.31291307
  0.63509995  0.40956332  0.86586371 46.46930742 88.4489952  82.43106443
  0.81272586]
2024-05-29 11:23:24,537 - CE_Logger - DEBUG - Mejor fitness de la particula:-8.834545238539969
2024-05-29 11:23:24,537 - CE_Logger - DEBUG - Numero de Infracciones: 3.61140799279886
