2024-05-28 09:02:34,706 - pyswarms.single.global_best - INFO - Optimize for 25 iters with {'c1': 1.4944, 'c2': 1.4944, 'w': 0.95}
2024-05-28 09:02:35,739 - pyswarms.single.global_best - INFO - Optimization finished | best cost: -3.2431035350912842, best pos: [0.17894406 0.13296363 0.90356006 0.76708123 0.61225472 0.36313095
 0.75616458 0.26487756 0.41844771 0.31386407 1.07774048 1.59507698
 0.90026093]
2024-05-28 09:02:49,099 - pyswarms.single.global_best - INFO - Optimize for 25 iters with {'c1': 1.4944, 'c2': 1.4944, 'w': 0.95}
2024-05-28 09:02:49,647 - pyswarms.single.global_best - INFO - Optimization finished | best cost: -3.9490211915589066, best pos: [0.78220302 0.70222422 0.03148617 0.42895343 0.50748942 0.52092089
 0.92666122 0.5415378  0.92247    1.87899778 0.88867221 1.14792887
 0.95558622]
2024-05-28 09:02:59,805 - pyswarms.single.global_best - INFO - Optimize for 25 iters with {'c1': 1.4944, 'c2': 1.4944, 'w': 0.95}
2024-05-28 09:03:00,306 - pyswarms.single.global_best - INFO - Optimization finished | best cost: -3.5267699992880885, best pos: [0.24046831 0.89561702 0.03286243 0.4000089  0.56380241 0.86297828
 0.53720004 0.75417809 0.0239013  1.41903926 1.61708164 0.25736209
 0.23384974]
2024-05-28 09:03:12,370 - pyswarms.single.global_best - INFO - Optimize for 25 iters with {'c1': 1.4944, 'c2': 1.4944, 'w': 0.95}
2024-05-28 09:03:12,870 - pyswarms.single.global_best - INFO - Optimization finished | best cost: -4.798005438981345, best pos: [0.34815318 0.91575064 0.81212256 0.84850027 0.82320749 0.46514181
 0.40378687 0.90817078 0.39078568 2.30701089 2.90732117 3.40495638
 0.02364186]
2024-05-28 09:03:22,598 - pyswarms.single.global_best - INFO - Optimize for 25 iters with {'c1': 1.4944, 'c2': 1.4944, 'w': 0.95}
2024-05-28 09:03:23,114 - pyswarms.single.global_best - INFO - Optimization finished | best cost: 0.07050575709387275, best pos: [0.1136754  0.40480327 0.68430641 0.0476683  0.70918088 0.52690633
 0.32651124 0.86109963 0.0796993  0.2541189  3.87991747 2.15833451
 0.9358421 ]
2024-05-29 01:19:15,136 - pyswarms.single.global_best - INFO - Optimize for 25 iters with {'c1': 1.4944, 'c2': 1.4944, 'w': 0.95}
2024-05-29 01:19:15,893 - pyswarms.single.global_best - INFO - Optimization finished | best cost: -301.43831261745396, best pos: [ 0.90422646  0.98825845  0.99002975  0.65715922  0.49443049  0.73267076
  0.7033775   0.89911521  0.67974709 99.52111705 99.75333185 99.48805842
  0.83334663]
2024-05-29 01:20:03,231 - pyswarms.single.global_best - INFO - Optimize for 25 iters with {'c1': 1.4944, 'c2': 1.4944, 'w': 0.95}
2024-05-29 01:20:03,816 - pyswarms.single.global_best - INFO - Optimization finished | best cost: -296.4117575135983, best pos: [8.04545825e-01 7.18459757e-02 5.78267998e-01 6.14793338e-01
 3.71590399e-01 4.93210951e-02 8.73798355e-01 8.32218128e-01
 8.37799212e-01 9.88800290e+01 9.76114175e+01 9.97248685e+01
 7.53878267e-01]
2024-05-29 01:25:38,529 - pyswarms.single.global_best - INFO - Optimize for 25 iters with {'c1': 1.4944, 'c2': 1.4944, 'w': 0.95}
2024-05-29 01:25:39,507 - pyswarms.single.global_best - INFO - Optimization finished | best cost: -293.39044204314564, best pos: [5.18285527e-01 8.61151056e-01 9.67468373e-01 3.40867196e-01
 6.64918723e-01 9.20026690e-01 4.13760018e-01 1.10156922e-02
 3.24276714e-01 9.84855925e+01 9.72849267e+01 9.76698535e+01
 7.42999604e-01]
2024-05-29 01:29:24,589 - pyswarms.single.global_best - INFO - Optimize for 25 iters with {'c1': 1.4944, 'c2': 1.4944, 'w': 0.95}
2024-05-29 01:29:25,667 - pyswarms.single.global_best - INFO - Optimization finished | best cost: 40459.60708664636, best pos: [ 0.88859398  0.3922516   0.58883164  0.15688574  0.4927483   0.29546734
  0.56087393  0.43184832  0.21063016 91.55016349 86.68613235 87.36023564
  0.92221829]
2024-05-29 01:33:19,963 - pyswarms.single.global_best - INFO - Optimize for 25 iters with {'c1': 1.4944, 'c2': 1.4944, 'w': 0.95}
2024-05-29 01:33:56,969 - pyswarms.single.global_best - INFO - Optimize for 25 iters with {'c1': 1.4944, 'c2': 1.4944, 'w': 0.95}
2024-05-29 01:33:59,329 - pyswarms.single.global_best - INFO - Optimization finished | best cost: 13939.295598447448, best pos: [ 0.61559556  0.86275554  0.36689606  0.27071878  0.42775988  0.68628991
  0.55030567  0.88539881  0.972961   15.84968416  0.36535962 67.78816802
  0.69672688]
2024-05-29 01:35:15,104 - pyswarms.single.global_best - INFO - Optimize for 25 iters with {'c1': 1.4944, 'c2': 1.4944, 'w': 0.95}
2024-05-29 01:35:15,982 - pyswarms.single.global_best - INFO - Optimization finished | best cost: 3749.124892268945, best pos: [9.71875295e-01 2.70299159e-02 6.86673803e-01 6.56985907e-01
 8.52482121e-01 9.31461638e-03 4.00541869e-01 4.86763705e-01
 6.76701407e-01 1.45531351e+01 3.25415978e+01 5.43086841e+01
 8.05833848e-01]
2024-05-29 01:36:05,038 - pyswarms.single.global_best - INFO - Optimize for 25 iters with {'c1': 1.4944, 'c2': 1.4944, 'w': 0.95}
2024-05-29 01:36:05,819 - pyswarms.single.global_best - INFO - Optimization finished | best cost: 16743.157955608236, best pos: [ 0.78966682  0.7160343   0.95546429  0.98224261  0.54120003  0.42183015
  0.22063995  0.48800601  0.77469152 20.42859649 62.28689978 69.60674474
  0.35747546]
2024-05-29 01:36:36,275 - pyswarms.single.global_best - INFO - Optimize for 25 iters with {'c1': 1.4944, 'c2': 1.4944, 'w': 0.95}
2024-05-29 01:36:38,343 - pyswarms.single.global_best - INFO - Optimization finished | best cost: 4726.612172343859, best pos: [ 0.91619515  0.98362318  0.81493907  0.65658495  0.29018679  0.8168319
  0.59023938  0.53894056  0.6910586  28.06810414  4.92671036 62.94219333
  0.72096419]
2024-05-29 01:37:40,940 - pyswarms.single.global_best - INFO - Optimize for 25 iters with {'c1': 1.4944, 'c2': 1.4944, 'w': 0.95}
2024-05-29 01:37:44,064 - pyswarms.single.global_best - INFO - Optimization finished | best cost: 14054.582108310628, best pos: [ 0.78720858  0.25965198  0.7666173   0.59848027  0.39664732  0.97703106
  0.79481577  0.12883006  0.40326452 14.34568813 72.7094456  13.78888627
  0.86226849]
2024-05-29 01:40:06,238 - pyswarms.single.global_best - INFO - Optimize for 25 iters with {'c1': 1.4944, 'c2': 1.4944, 'w': 0.95}
2024-05-29 01:41:42,141 - pyswarms.single.global_best - INFO - Optimize for 25 iters with {'c1': 1.4944, 'c2': 1.4944, 'w': 0.95}
2024-05-29 01:43:23,057 - pyswarms.single.global_best - INFO - Optimize for 25 iters with {'c1': 1.4944, 'c2': 1.4944, 'w': 0.95}
2024-05-29 01:51:18,210 - pyswarms.single.global_best - INFO - Optimize for 25 iters with {'c1': 1.4944, 'c2': 1.4944, 'w': 0.95}
2024-05-29 01:51:18,741 - pyswarms.single.global_best - INFO - Optimization finished | best cost: 6951.269734748823, best pos: [ 0.78398054  0.25342101  0.26643172  0.61848944  0.93150165  0.84916019
  0.17012721  0.9242399   0.90907219 92.25132737  0.6121376  46.5105948
  0.60329773]
2024-05-29 01:51:47,672 - pyswarms.single.global_best - INFO - Optimize for 25 iters with {'c1': 1.4944, 'c2': 1.4944, 'w': 0.95}
2024-05-29 01:51:49,965 - pyswarms.single.global_best - INFO - Optimization finished | best cost: -294.54633702031225, best pos: [ 0.95955912  0.60123936  0.74872276  0.95767764  0.84281781  0.84723188
  0.95737697  0.59601147  0.86853764 95.68604531 99.20848301 97.46684185
  0.60911193]
2024-05-29 01:58:22,627 - pyswarms.single.global_best - INFO - Optimize for 25 iters with {'c1': 1.4944, 'c2': 1.4944, 'w': 0.95}
2024-05-29 01:58:32,974 - pyswarms.single.global_best - INFO - Optimization finished | best cost: -295.0367690910978, best pos: [5.70596889e-01 9.16660025e-01 8.14933965e-01 2.44032479e-01
 7.06411320e-01 6.88966845e-01 4.17157382e-03 3.29240257e-01
 6.03558584e-01 9.96081559e+01 9.55782772e+01 9.98902889e+01
 9.11237165e-01]
2024-05-29 09:14:52,860 - pyswarms.single.global_best - INFO - Optimize for 25 iters with {'c1': 1.4944, 'c2': 1.4944, 'w': 0.95}
2024-05-29 10:52:02,788 - pyswarms.single.global_best - INFO - Optimize for 25 iters with {'c1': 1.4944, 'c2': 1.4944, 'w': 0.95}
2024-05-29 10:52:02,953 - pyswarms.backend.operators - ERROR - Please pass a Swarm class. You passed <class 'pyswarms.backend.swarms.Swarm'>
Traceback (most recent call last):
  File "C:\Users\Pichon\AppData\Local\Packages\PythonSoftwareFoundation.Python.3.12_qbz5n2kfra8p0\LocalCache\local-packages\Python312\site-packages\pyswarms\backend\operators.py", line 86, in compute_pbest
    mask_violation=swarm.violacion < swarm.pbestViolaciones
                                     ^^^^^^^^^^^^^^^^^^^^^^
AttributeError: 'Swarm' object has no attribute 'pbestViolaciones'. Did you mean: 'pbest_violacion'?
2024-05-29 10:54:20,415 - pyswarms.single.global_best - INFO - Optimize for 25 iters with {'c1': 1.4944, 'c2': 1.4944, 'w': 0.95}
2024-05-29 10:54:20,581 - pyswarms.backend.operators - ERROR - Please pass a Swarm class. You passed <class 'pyswarms.backend.swarms.Swarm'>
Traceback (most recent call last):
  File "C:\Users\Pichon\AppData\Local\Packages\PythonSoftwareFoundation.Python.3.12_qbz5n2kfra8p0\LocalCache\local-packages\Python312\site-packages\pyswarms\backend\operators.py", line 86, in compute_pbest
    mask_violation=swarm.violacion < swarm.pbestViolacion
                                     ^^^^^^^^^^^^^^^^^^^^
AttributeError: 'Swarm' object has no attribute 'pbestViolacion'. Did you mean: 'pbest_violacion'?
2024-05-29 10:55:20,287 - pyswarms.single.global_best - INFO - Optimize for 25 iters with {'c1': 1.4944, 'c2': 1.4944, 'w': 0.95}
2024-05-29 10:55:20,379 - pyswarms.backend.operators - ERROR - Please pass a Swarm class. You passed <class 'pyswarms.backend.swarms.Swarm'>
Traceback (most recent call last):
  File "C:\Users\Pichon\AppData\Local\Packages\PythonSoftwareFoundation.Python.3.12_qbz5n2kfra8p0\LocalCache\local-packages\Python312\site-packages\pyswarms\backend\operators.py", line 86, in compute_pbest
    mask_violation=swarm.violacion < swarm.pbest_Violacion
                                     ^^^^^^^^^^^^^^^^^^^^^
AttributeError: 'Swarm' object has no attribute 'pbest_Violacion'. Did you mean: 'pbest_violacion'?
2024-05-29 10:56:50,696 - pyswarms.single.global_best - INFO - Optimize for 25 iters with {'c1': 1.4944, 'c2': 1.4944, 'w': 0.95}
2024-05-29 10:56:53,737 - pyswarms.single.global_best - INFO - Optimization finished | best cost: -295.54101142629156, best pos: [9.99871890e-01 5.04166500e-01 2.70546131e-02 7.16455615e-02
 3.01749961e-02 1.53513678e-01 9.09333858e-01 2.63834894e-01
 3.92927873e-01 9.95965724e+01 9.56815378e+01 9.92655290e+01
 9.62316254e-01]
2024-05-29 11:01:35,876 - pyswarms.single.global_best - INFO - Optimize for 25 iters with {'c1': 1.4944, 'c2': 1.4944, 'w': 0.95}
2024-05-29 11:01:36,619 - pyswarms.single.global_best - INFO - Optimization finished | best cost: -297.6382185241903, best pos: [6.39186211e-01 9.94292373e-02 2.19483535e-01 6.62599374e-01
 8.97600051e-01 3.23517400e-02 3.41241374e-01 5.01454778e-01
 7.27942750e-01 9.89787471e+01 9.95898464e+01 9.94221631e+01
 7.22082376e-01]
2024-05-29 11:04:50,335 - pyswarms.single.global_best - INFO - Optimize for 25 iters with {'c1': 1.4944, 'c2': 1.4944, 'w': 0.95}
2024-05-29 11:05:17,614 - pyswarms.single.global_best - INFO - Optimize for 25 iters with {'c1': 1.4944, 'c2': 1.4944, 'w': 0.95}
2024-05-29 11:05:18,399 - pyswarms.single.global_best - INFO - Optimization finished | best cost: -298.3706430597791, best pos: [ 0.94504368  0.70861142  0.77791328  0.97060203  0.85715931  0.9718715
  0.82514047  0.97318192  0.94597245 97.11326877 99.26460113 99.02081718
  0.69720701]
2024-05-29 11:10:10,026 - pyswarms.single.global_best - INFO - Optimize for 25 iters with {'c1': 1.4944, 'c2': 1.4944, 'w': 0.95}
2024-05-29 11:10:12,457 - pyswarms.single.global_best - INFO - Optimization finished | best cost: -298.85382082192956, best pos: [8.50457294e-02 1.60439944e-01 9.46226881e-01 2.74878506e-01
 9.54347553e-01 5.64843844e-01 8.73246250e-01 3.22829042e-01
 7.58481181e-01 9.98094418e+01 9.91999264e+01 9.83289905e+01
 3.55283345e-01]
2024-05-29 11:19:03,630 - pyswarms.single.global_best - INFO - Optimize for 25 iters with {'c1': 1.4944, 'c2': 1.4944, 'w': 0.95}
2024-05-29 11:19:04,265 - pyswarms.single.global_best - INFO - Optimization finished | best cost: -294.8607328690469, best pos: [3.73175837e-01 6.18240796e-03 8.42512646e-01 9.81969369e-01
 9.66674187e-01 9.04132393e-01 9.02785994e-01 1.31066630e-01
 3.34174057e-01 9.73194434e+01 9.57242317e+01 9.95626497e+01
 9.67827035e-01]
2024-05-29 11:45:33,052 - pyswarms.single.global_best - INFO - Optimize for 25 iters with {'c1': 1.4944, 'c2': 1.4944, 'w': 0.95}
2024-05-29 11:45:33,917 - pyswarms.single.global_best - INFO - Optimization finished | best cost: -0.20647727575737657, best pos: [2.59957195 2.65216736 6.46282569 0.96461807 5.854999   6.45982966
 0.20585969 0.54667715 8.5958234  3.45492537 1.09359765 6.53492304
 0.14688165 0.6411064  3.13703475 0.12390244 7.55415683 3.05091076
 6.34493385 0.62136067]
2024-05-29 11:45:55,440 - pyswarms.backend.generators - ERROR - Bounds and/or init_pos should be of size (20,)
Traceback (most recent call last):
  File "C:\Users\Pichon\AppData\Local\Packages\PythonSoftwareFoundation.Python.3.12_qbz5n2kfra8p0\LocalCache\local-packages\Python312\site-packages\pyswarms\backend\generators.py", line 81, in generate_swarm
    pos = center * np.random.uniform(
                   ^^^^^^^^^^^^^^^^^^
  File "numpy\\random\\mtrand.pyx", line 1171, in numpy.random.mtrand.RandomState.uniform
  File "_common.pyx", line 600, in numpy.random._common.cont
  File "_common.pyx", line 517, in numpy.random._common.cont_broadcast_2
  File "__init__.cython-30.pxd", line 780, in numpy.PyArray_MultiIterNew3
ValueError: shape mismatch: objects cannot be broadcast to a single shape.  Mismatch is between arg 0 with shape (100, 20) and arg 1 with shape (100, 13).
2024-05-29 11:46:13,456 - pyswarms.single.global_best - INFO - Optimize for 25 iters with {'c1': 1.4944, 'c2': 1.4944, 'w': 0.95}
2024-05-29 11:46:14,151 - pyswarms.single.global_best - INFO - Optimization finished | best cost: -295.26536360780045, best pos: [ 0.7699039   0.94621834  0.71720911  0.44452994  0.83910002  0.84277507
  0.6012147   0.40366931  0.98999473 99.97354498 96.1296363  98.4137371
  0.46061317]
2024-05-29 11:49:52,807 - pyswarms.single.global_best - INFO - Optimize for 25 iters with {'c1': 1.4944, 'c2': 1.4944, 'w': 0.95}
2024-05-29 11:49:53,702 - pyswarms.single.global_best - INFO - Optimization finished | best cost: -0.2454365105215031, best pos: [0.3299989  5.52837756 3.70700719 3.42318386 6.01267876 2.87691434
 0.61376062 3.1888606  2.53317176 0.41254787 2.61844459 5.47637169
 6.48886507 0.83908818 1.77984761 3.16690809 2.18214532 5.88929895
 0.42986659 0.22043563]
2024-05-29 11:50:24,690 - pyswarms.single.global_best - INFO - Optimize for 25 iters with {'c1': 1.4944, 'c2': 1.4944, 'w': 0.95}
2024-05-29 11:50:25,301 - pyswarms.single.global_best - INFO - Optimization finished | best cost: -300.2226607667306, best pos: [8.49995281e-01 7.83211345e-01 1.61728194e-01 8.83193372e-01
 9.18230247e-01 7.06068355e-02 9.87049501e-01 9.63483670e-01
 1.41333208e-01 9.99282204e+01 9.99734699e+01 9.89227948e+01
 9.97620517e-01]
2024-05-29 11:51:35,822 - pyswarms.single.global_best - INFO - Optimize for 1000 iters with {'c1': 1.4944, 'c2': 1.4944, 'w': 0.95}
2024-05-29 11:52:03,325 - pyswarms.single.global_best - INFO - Optimization finished | best cost: -298.8841853122016, best pos: [4.63689199e-01 9.44375610e-01 5.27998330e-02 3.55065017e-01
 8.78591928e-01 7.41550496e-01 9.77269843e-01 5.58791651e-01
 9.83758360e-01 9.85609610e+01 9.92683263e+01 9.96378214e+01
 1.78202896e-01]
2024-05-29 11:52:33,742 - pyswarms.single.global_best - INFO - Optimize for 1000 iters with {'c1': 1.4944, 'c2': 1.4944, 'w': 0.95}
2024-05-29 11:53:11,405 - pyswarms.single.global_best - INFO - Optimization finished | best cost: -0.3250623735482281, best pos: [4.08516302 5.14352105 8.93657831 3.33657861 0.05800066 2.11495686
 0.8926874  0.26088719 5.95711977 0.63111607 0.49904681 0.89706898
 3.6619064  0.10508655 0.06488084 6.53308484 0.25028157 0.00983259
 0.17654491 0.17337551]
